<?xml version="1.0" encoding="UTF-8"?>
<!-- Generated by org.testng.reporters.JUnitReportReporter -->
<testsuite hostname="GYANESH-PC" failures="0" tests="6" name="com.qa.test.CandidatesTest" time="175.571" errors="0" timestamp="26 May 2021 08:09:31 GMT" skipped="0">
  <testcase classname="com.qa.test.CandidatesTest" name="createCandidatesTest" time="25.916"/>
  <testcase classname="com.qa.test.CandidatesTest" name="createCandidatesTest" time="29.845"/>
  <testcase classname="com.qa.test.CandidatesTest" name="createCandidatesTest" time="28.348"/>
  <testcase classname="com.qa.test.CandidatesTest" name="createCandidatesTest" time="25.954"/>
  <testcase classname="com.qa.test.CandidatesTest" name="createCandidatesTest" time="40.951"/>
  <testcase classname="com.qa.test.CandidatesTest" name="createCandidatesTest" time="24.557"/>
</testsuite> <!-- com.qa.test.CandidatesTest -->
