<?xml version="1.0" encoding="UTF-8"?>
<!-- Generated by org.testng.reporters.JUnitReportReporter -->
<testsuite hostname="GYANESH-PC" failures="0" tests="2" name="com.qa.test.DashBoardTest" time="38.560" errors="0" timestamp="2021-07-05T18:19:38 IST" skipped="0">
  <testcase classname="com.qa.test.DashBoardTest" name="verifyDashBoardPageTitleTest" time="16.897"/>
  <system-out/>
  <testcase classname="com.qa.test.DashBoardTest" name="verifyDashBoardHeaderTest" time="21.663"/>
  <system-out/>
</testsuite> <!-- com.qa.test.DashBoardTest -->
