<?xml version="1.0" encoding="UTF-8"?>
<!-- Generated by org.testng.reporters.JUnitReportReporter -->
<testsuite hostname="GYANESH-PC" failures="0" tests="3" name="com.qa.test.LoginTest" time="55.176" errors="0" timestamp="2021-07-05T18:19:39 IST" skipped="0">
  <testcase classname="com.qa.test.LoginTest" name="loginPageTitleTest" time="26.654"/>
  <system-out/>
  <testcase classname="com.qa.test.LoginTest" name="forgotPwdLinkTest" time="11.053"/>
  <system-out/>
  <testcase classname="com.qa.test.LoginTest" name="login_correctData_Test" time="17.469"/>
  <system-out/>
</testsuite> <!-- com.qa.test.LoginTest -->
