<?xml version="1.0" encoding="UTF-8"?>
<!-- Generated by org.testng.reporters.JUnitReportReporter -->
<testsuite hostname="GYANESH-PC" failures="0" tests="6" name="com.qa.test.EmployeeTest" time="140.428" errors="0" timestamp="26 May 2021 08:09:31 GMT" skipped="0">
  <testcase classname="com.qa.test.EmployeeTest" name="addEmployeeTest" time="22.013"/>
  <testcase classname="com.qa.test.EmployeeTest" name="addEmployeeTest" time="23.714"/>
  <testcase classname="com.qa.test.EmployeeTest" name="addEmployeeTest" time="23.444"/>
  <testcase classname="com.qa.test.EmployeeTest" name="addEmployeeTest" time="25.899"/>
  <testcase classname="com.qa.test.EmployeeTest" name="addEmployeeTest" time="21.279"/>
  <testcase classname="com.qa.test.EmployeeTest" name="addEmployeeTest" time="24.079"/>
</testsuite> <!-- com.qa.test.EmployeeTest -->
