<?xml version="1.0" encoding="UTF-8"?>
<!-- Generated by org.testng.reporters.JUnitReportReporter -->
<testsuite hostname="GYANESH-PC" failures="0" tests="3" name="com.qa.test.LoginTest" time="76.769" errors="0" timestamp="24 May 2021 06:31:06 GMT" skipped="0">
  <testcase classname="com.qa.test.LoginTest" name="loginPageTitleTest" time="36.502"/>
  <testcase classname="com.qa.test.LoginTest" name="forgotPwdLinkTest" time="15.354"/>
  <testcase classname="com.qa.test.LoginTest" name="login_correctData_Test" time="24.913"/>
</testsuite> <!-- com.qa.test.LoginTest -->
