<?xml version="1.0" encoding="UTF-8"?>
<!-- Generated by org.testng.reporters.JUnitReportReporter -->
<testsuite hostname="GYANESH-PC" failures="0" tests="2" name="com.qa.test.DashBoardTest" time="116.650" errors="0" timestamp="26 May 2021 08:27:41 GMT" skipped="0">
  <testcase classname="com.qa.test.DashBoardTest" name="verifyDashBoardHeaderTest" time="77.287"/>
  <testcase classname="com.qa.test.DashBoardTest" name="verifyDashBoardPageTitleTest" time="39.363"/>
</testsuite> <!-- com.qa.test.DashBoardTest -->
