<?xml version="1.0" encoding="UTF-8"?>
<!-- Generated by org.testng.reporters.JUnitReportReporter -->
<testsuite hostname="GYANESH-PC" failures="0" tests="4" name="com.qa.test.VacancyPageTest" time="117.744" errors="0" timestamp="2021-07-02T23:53:20 IST" skipped="0">
  <testcase classname="com.qa.test.VacancyPageTest" name="createVacancyTest" time="33.151"/>
  <system-out/>
  <testcase classname="com.qa.test.VacancyPageTest" name="createVacancyTest" time="29.820"/>
  <system-out/>
  <testcase classname="com.qa.test.VacancyPageTest" name="createVacancyTest" time="29.239"/>
  <system-out/>
  <testcase classname="com.qa.test.VacancyPageTest" name="createVacancyTest" time="25.534"/>
  <system-out/>
</testsuite> <!-- com.qa.test.VacancyPageTest -->
